# JRE version: Java(TM) SE Runtime Environment (8.0_51-b16) (build 1.8.0_51-b16)
# Java VM: Java HotSpot(TM) 64-Bit Server VM (25.51-b03 mixed mode windows-amd64 compressed oops)
Heap:
 PSYoungGen      total 315904K, used 98792K [0x00000000eab00000, 0x00000000fea80000, 0x0000000100000000)
  eden space 305664K, 32% used [0x00000000eab00000,0x00000000f0b7a3b8,0x00000000fd580000)
  from space 10240K, 0% used [0x00000000fe080000,0x00000000fe080000,0x00000000fea80000)
  to   space 10752K, 0% used [0x00000000fd580000,0x00000000fd580000,0x00000000fe000000)
 ParOldGen       total 86016K, used 47402K [0x00000000c0000000, 0x00000000c5400000, 0x00000000eab00000)
  object space 86016K, 55% used [0x00000000c0000000,0x00000000c2e4a968,0x00000000c5400000)
 Metaspace       used 62209K, capacity 72392K, committed 72704K, reserved 1110016K
  class space    used 8179K, capacity 11181K, committed 11264K, reserved 1048576K
GC Heap History (10 events):
Event: 11481.956 GC heap before
{Heap before GC invocations=101 (full 39):
 PSYoungGen      total 316928K, used 1615K [0x00000000eab00000, 0x00000000fec80000, 0x0000000100000000)
  eden space 305664K, 0% used [0x00000000eab00000,0x00000000eab00000,0x00000000fd580000)
  from space 11264K, 14% used [0x00000000fe180000,0x00000000fe313c60,0x00000000fec80000)
  to   space 11776K, 0% used [0x00000000fd580000,0x00000000fd580000,0x00000000fe100000)
 ParOldGen       total 86016K, used 48153K [0x00000000c0000000, 0x00000000c5400000, 0x00000000eab00000)
  object space 86016K, 55% used [0x00000000c0000000,0x00000000c2f067d8,0x00000000c5400000)
 Metaspace       used 61919K, capacity 71556K, committed 71680K, reserved 1110016K
  class space    used 8107K, capacity 10897K, committed 11008K, reserved 1048576K
Event: 11482.165 GC heap after
Heap after GC invocations=101 (full 39):
 PSYoungGen      total 316928K, used 0K [0x00000000eab00000, 0x00000000fec80000, 0x0000000100000000)
  eden space 305664K, 0% used [0x00000000eab00000,0x00000000eab00000,0x00000000fd580000)
  from space 11264K, 0% used [0x00000000fe180000,0x00000000fe180000,0x00000000fec80000)
  to   space 11776K, 0% used [0x00000000fd580000,0x00000000fd580000,0x00000000fe100000)
 ParOldGen       total 86016K, used 47197K [0x00000000c0000000, 0x00000000c5400000, 0x00000000eab00000)
  object space 86016K, 54% used [0x00000000c0000000,0x00000000c2e174d8,0x00000000c5400000)
 Metaspace       used 61919K, capacity 71556K, committed 71680K, reserved 1110016K
  class space    used 8107K, capacity 10897K, committed 11008K, reserved 1048576K
}
Event: 11642.548 GC heap before
{Heap before GC invocations=102 (full 39):
 PSYoungGen      total 316928K, used 305261K [0x00000000eab00000, 0x00000000fec80000, 0x0000000100000000)
  eden space 305664K, 99% used [0x00000000eab00000,0x00000000fd51b4e8,0x00000000fd580000)
  from space 11264K, 0% used [0x00000000fe180000,0x00000000fe180000,0x00000000fec80000)
  to   space 11776K, 0% used [0x00000000fd580000,0x00000000fd580000,0x00000000fe100000)
 ParOldGen       total 86016K, used 47197K [0x00000000c0000000, 0x00000000c5400000, 0x00000000eab00000)
  object space 86016K, 54% used [0x00000000c0000000,0x00000000c2e174d8,0x00000000c5400000)
 Metaspace       used 62057K, capacity 71898K, committed 72064K, reserved 1110016K
  class space    used 8131K, capacity 10999K, committed 11136K, reserved 1048576K
Event: 11642.555 GC heap after
Heap after GC invocations=102 (full 39):
 PSYoungGen      total 308736K, used 3072K [0x00000000eab00000, 0x00000000feb80000, 0x0000000100000000)
  eden space 305664K, 0% used [0x00000000eab00000,0x00000000eab00000,0x00000000fd580000)
  from space 3072K, 100% used [0x00000000fd580000,0x00000000fd880000,0x00000000fd880000)
  to   space 11264K, 0% used [0x00000000fe080000,0x00000000fe080000,0x00000000feb80000)
 ParOldGen       total 86016K, used 47205K [0x00000000c0000000, 0x00000000c5400000, 0x00000000eab00000)
  object space 86016K, 54% used [0x00000000c0000000,0x00000000c2e194d8,0x00000000c5400000)
 Metaspace       used 62057K, capacity 71898K, committed 72064K, reserved 1110016K
  class space    used 8131K, capacity 10999K, committed 11136K, reserved 1048576K
}
Event: 11642.555 GC heap before
{Heap before GC invocations=103 (full 40):
 PSYoungGen      total 308736K, used 3072K [0x00000000eab00000, 0x00000000feb80000, 0x0000000100000000)
  eden space 305664K, 0% used [0x00000000eab00000,0x00000000eab00000,0x00000000fd580000)
  from space 3072K, 100% used [0x00000000fd580000,0x00000000fd880000,0x00000000fd880000)
  to   space 11264K, 0% used [0x00000000fe080000,0x00000000fe080000,0x00000000feb80000)
 ParOldGen       total 86016K, used 47205K [0x00000000c0000000, 0x00000000c5400000, 0x00000000eab00000)
  object space 86016K, 54% used [0x00000000c0000000,0x00000000c2e194d8,0x00000000c5400000)
 Metaspace       used 62057K, capacity 71898K, committed 72064K, reserved 1110016K
  class space    used 8131K, capacity 10999K, committed 11136K, reserved 1048576K
Event: 11642.755 GC heap after
Heap after GC invocations=103 (full 40):
 PSYoungGen      total 308736K, used 0K [0x00000000eab00000, 0x00000000feb80000, 0x0000000100000000)
  eden space 305664K, 0% used [0x00000000eab00000,0x00000000eab00000,0x00000000fd580000)
  from space 3072K, 0% used [0x00000000fd580000,0x00000000fd580000,0x00000000fd880000)
  to   space 11264K, 0% used [0x00000000fe080000,0x00000000fe080000,0x00000000feb80000)
 ParOldGen       total 86016K, used 48661K [0x00000000c0000000, 0x00000000c5400000, 0x00000000eab00000)
  object space 86016K, 56% used [0x00000000c0000000,0x00000000c2f855c8,0x00000000c5400000)
 Metaspace       used 62057K, capacity 71898K, committed 72064K, reserved 1110016K
  class space    used 8131K, capacity 10999K, committed 11136K, reserved 1048576K
}
Event: 12032.429 GC heap before
{Heap before GC invocations=104 (full 40):
 PSYoungGen      total 308736K, used 142289K [0x00000000eab00000, 0x00000000feb80000, 0x0000000100000000)
  eden space 305664K, 46% used [0x00000000eab00000,0x00000000f35f47a0,0x00000000fd580000)
  from space 3072K, 0% used [0x00000000fd580000,0x00000000fd580000,0x00000000fd880000)
  to   space 11264K, 0% used [0x00000000fe080000,0x00000000fe080000,0x00000000feb80000)
 ParOldGen       total 86016K, used 48661K [0x00000000c0000000, 0x00000000c5400000, 0x00000000eab00000)
  object space 86016K, 56% used [0x00000000c0000000,0x00000000c2f855c8,0x00000000c5400000)
 Metaspace       used 62165K, capacity 72214K, committed 72448K, reserved 1110016K
  class space    used 8171K, capacity 11147K, committed 11264K, reserved 1048576K
Event: 12032.434 GC heap after
Heap after GC invocations=104 (full 40):
 PSYoungGen      total 315904K, used 1744K [0x00000000eab00000, 0x00000000fea80000, 0x0000000100000000)
  eden space 305664K, 0% used [0x00000000eab00000,0x00000000eab00000,0x00000000fd580000)
  from space 10240K, 17% used [0x00000000fe080000,0x00000000fe234010,0x00000000fea80000)
  to   space 10752K, 0% used [0x00000000fd580000,0x00000000fd580000,0x00000000fe000000)
 ParOldGen       total 86016K, used 48669K [0x00000000c0000000, 0x00000000c5400000, 0x00000000eab00000)
  object space 86016K, 56% used [0x00000000c0000000,0x00000000c2f875c8,0x00000000c5400000)
 Metaspace       used 62165K, capacity 72214K, committed 72448K, reserved 1110016K
  class space    used 8171K, capacity 11147K, committed 11264K, reserved 1048576K
}
Event: 12032.434 GC heap before
{Heap before GC invocations=105 (full 41):
 PSYoungGen      total 315904K, used 1744K [0x00000000eab00000, 0x00000000fea80000, 0x0000000100000000)
  eden space 305664K, 0% used [0x00000000eab00000,0x00000000eab00000,0x00000000fd580000)
  from space 10240K, 17% used [0x00000000fe080000,0x00000000fe234010,0x00000000fea80000)
  to   space 10752K, 0% used [0x00000000fd580000,0x00000000fd580000,0x00000000fe000000)
 ParOldGen       total 86016K, used 48669K [0x00000000c0000000, 0x00000000c5400000, 0x00000000eab00000)
  object space 86016K, 56% used [0x00000000c0000000,0x00000000c2f875c8,0x00000000c5400000)
 Metaspace       used 62165K, capacity 72214K, committed 72448K, reserved 1110016K
  class space    used 8171K, capacity 11147K, committed 11264K, reserved 1048576K
Event: 12032.786 GC heap after
Heap after GC invocations=105 (full 41):
 PSYoungGen      total 315904K, used 0K [0x00000000eab00000, 0x00000000fea80000, 0x0000000100000000)
  eden space 305664K, 0% used [0x00000000eab00000,0x00000000eab00000,0x00000000fd580000)
  from space 10240K, 0% used [0x00000000fe080000,0x00000000fe080000,0x00000000fea80000)
  to   space 10752K, 0% used [0x00000000fd580000,0x00000000fd580000,0x00000000fe000000)
 ParOldGen       total 86016K, used 47402K [0x00000000c0000000, 0x00000000c5400000, 0x00000000eab00000)
  object space 86016K, 55% used [0x00000000c0000000,0x00000000c2e4a968,0x00000000c5400000)
 Metaspace       used 62165K, capacity 72214K, committed 72448K, reserved 1110016K
  class space    used 8171K, capacity 11147K, committed 11264K, reserved 1048576K
}

