# JRE version: Java(TM) SE Runtime Environment (8.0_51-b16) (build 1.8.0_51-b16)
# Java VM: Java HotSpot(TM) 64-Bit Server VM (25.51-b03 mixed mode windows-amd64 compressed oops)
Heap:
 PSYoungGen      total 261120K, used 93705K [0x00000000eab00000, 0x00000000fbe80000, 0x0000000100000000)
  eden space 242176K, 38% used [0x00000000eab00000,0x00000000f06825e8,0x00000000f9780000)
  from space 18944K, 0% used [0x00000000fac00000,0x00000000fac00000,0x00000000fbe80000)
  to   space 19968K, 0% used [0x00000000f9780000,0x00000000f9780000,0x00000000fab00000)
 ParOldGen       total 122368K, used 47610K [0x00000000c0000000, 0x00000000c7780000, 0x00000000eab00000)
  object space 122368K, 38% used [0x00000000c0000000,0x00000000c2e7ead0,0x00000000c7780000)
 Metaspace       used 61877K, capacity 71926K, committed 72104K, reserved 1110016K
  class space    used 8092K, capacity 11064K, committed 11176K, reserved 1048576K
GC Heap History (10 events):
Event: 13284.406 GC heap before
{Heap before GC invocations=115 (full 43):
 PSYoungGen      total 254976K, used 252416K [0x00000000eab00000, 0x00000000fcc80000, 0x0000000100000000)
  eden space 252416K, 100% used [0x00000000eab00000,0x00000000fa180000,0x00000000fa180000)
  from space 2560K, 0% used [0x00000000fa180000,0x00000000fa180000,0x00000000fa400000)
  to   space 22016K, 0% used [0x00000000fb700000,0x00000000fb700000,0x00000000fcc80000)
 ParOldGen       total 122368K, used 47683K [0x00000000c0000000, 0x00000000c7780000, 0x00000000eab00000)
  object space 122368K, 38% used [0x00000000c0000000,0x00000000c2e90ff8,0x00000000c7780000)
 Metaspace       used 61789K, capacity 71694K, committed 71976K, reserved 1110016K
  class space    used 8076K, capacity 10996K, committed 11048K, reserved 1048576K
Event: 13284.416 GC heap after
Heap after GC invocations=115 (full 43):
 PSYoungGen      total 252928K, used 8237K [0x00000000eab00000, 0x00000000fc180000, 0x0000000100000000)
  eden space 242176K, 0% used [0x00000000eab00000,0x00000000eab00000,0x00000000f9780000)
  from space 10752K, 76% used [0x00000000fb700000,0x00000000fbf0b5e8,0x00000000fc180000)
  to   space 21504K, 0% used [0x00000000f9780000,0x00000000f9780000,0x00000000fac80000)
 ParOldGen       total 122368K, used 47691K [0x00000000c0000000, 0x00000000c7780000, 0x00000000eab00000)
  object space 122368K, 38% used [0x00000000c0000000,0x00000000c2e92ff8,0x00000000c7780000)
 Metaspace       used 61789K, capacity 71694K, committed 71976K, reserved 1110016K
  class space    used 8076K, capacity 10996K, committed 11048K, reserved 1048576K
}
Event: 13287.504 GC heap before
{Heap before GC invocations=116 (full 43):
 PSYoungGen      total 252928K, used 61111K [0x00000000eab00000, 0x00000000fc180000, 0x0000000100000000)
  eden space 242176K, 21% used [0x00000000eab00000,0x00000000edea2968,0x00000000f9780000)
  from space 10752K, 76% used [0x00000000fb700000,0x00000000fbf0b5e8,0x00000000fc180000)
  to   space 21504K, 0% used [0x00000000f9780000,0x00000000f9780000,0x00000000fac80000)
 ParOldGen       total 122368K, used 47691K [0x00000000c0000000, 0x00000000c7780000, 0x00000000eab00000)
  object space 122368K, 38% used [0x00000000c0000000,0x00000000c2e92ff8,0x00000000c7780000)
 Metaspace       used 61789K, capacity 71694K, committed 71976K, reserved 1110016K
  class space    used 8076K, capacity 10996K, committed 11048K, reserved 1048576K
Event: 13287.507 GC heap after
Heap after GC invocations=116 (full 43):
 PSYoungGen      total 243712K, used 1103K [0x00000000eab00000, 0x00000000fc080000, 0x0000000100000000)
  eden space 242176K, 0% used [0x00000000eab00000,0x00000000eab00000,0x00000000f9780000)
  from space 1536K, 71% used [0x00000000f9780000,0x00000000f9893c40,0x00000000f9900000)
  to   space 20992K, 0% used [0x00000000fac00000,0x00000000fac00000,0x00000000fc080000)
 ParOldGen       total 122368K, used 47691K [0x00000000c0000000, 0x00000000c7780000, 0x00000000eab00000)
  object space 122368K, 38% used [0x00000000c0000000,0x00000000c2e92ff8,0x00000000c7780000)
 Metaspace       used 61789K, capacity 71694K, committed 71976K, reserved 1110016K
  class space    used 8076K, capacity 10996K, committed 11048K, reserved 1048576K
}
Event: 13287.507 GC heap before
{Heap before GC invocations=117 (full 44):
 PSYoungGen      total 243712K, used 1103K [0x00000000eab00000, 0x00000000fc080000, 0x0000000100000000)
  eden space 242176K, 0% used [0x00000000eab00000,0x00000000eab00000,0x00000000f9780000)
  from space 1536K, 71% used [0x00000000f9780000,0x00000000f9893c40,0x00000000f9900000)
  to   space 20992K, 0% used [0x00000000fac00000,0x00000000fac00000,0x00000000fc080000)
 ParOldGen       total 122368K, used 47691K [0x00000000c0000000, 0x00000000c7780000, 0x00000000eab00000)
  object space 122368K, 38% used [0x00000000c0000000,0x00000000c2e92ff8,0x00000000c7780000)
 Metaspace       used 61789K, capacity 71694K, committed 71976K, reserved 1110016K
  class space    used 8076K, capacity 10996K, committed 11048K, reserved 1048576K
Event: 13287.698 GC heap after
Heap after GC invocations=117 (full 44):
 PSYoungGen      total 243712K, used 0K [0x00000000eab00000, 0x00000000fc080000, 0x0000000100000000)
  eden space 242176K, 0% used [0x00000000eab00000,0x00000000eab00000,0x00000000f9780000)
  from space 1536K, 0% used [0x00000000f9780000,0x00000000f9780000,0x00000000f9900000)
  to   space 20992K, 0% used [0x00000000fac00000,0x00000000fac00000,0x00000000fc080000)
 ParOldGen       total 122368K, used 47154K [0x00000000c0000000, 0x00000000c7780000, 0x00000000eab00000)
  object space 122368K, 38% used [0x00000000c0000000,0x00000000c2e0c870,0x00000000c7780000)
 Metaspace       used 61789K, capacity 71694K, committed 71976K, reserved 1110016K
  class space    used 8076K, capacity 10996K, committed 11048K, reserved 1048576K
}
Event: 13415.790 GC heap before
{Heap before GC invocations=118 (full 44):
 PSYoungGen      total 243712K, used 107852K [0x00000000eab00000, 0x00000000fc080000, 0x0000000100000000)
  eden space 242176K, 44% used [0x00000000eab00000,0x00000000f1453080,0x00000000f9780000)
  from space 1536K, 0% used [0x00000000f9780000,0x00000000f9780000,0x00000000f9900000)
  to   space 20992K, 0% used [0x00000000fac00000,0x00000000fac00000,0x00000000fc080000)
 ParOldGen       total 122368K, used 47154K [0x00000000c0000000, 0x00000000c7780000, 0x00000000eab00000)
  object space 122368K, 38% used [0x00000000c0000000,0x00000000c2e0c870,0x00000000c7780000)
 Metaspace       used 61830K, capacity 71812K, committed 71976K, reserved 1110016K
  class space    used 8084K, capacity 11030K, committed 11048K, reserved 1048576K
Event: 13415.795 GC heap after
Heap after GC invocations=118 (full 44):
 PSYoungGen      total 261120K, used 1280K [0x00000000eab00000, 0x00000000fbe80000, 0x0000000100000000)
  eden space 242176K, 0% used [0x00000000eab00000,0x00000000eab00000,0x00000000f9780000)
  from space 18944K, 6% used [0x00000000fac00000,0x00000000fad40000,0x00000000fbe80000)
  to   space 19968K, 0% used [0x00000000f9780000,0x00000000f9780000,0x00000000fab00000)
 ParOldGen       total 122368K, used 47154K [0x00000000c0000000, 0x00000000c7780000, 0x00000000eab00000)
  object space 122368K, 38% used [0x00000000c0000000,0x00000000c2e0c870,0x00000000c7780000)
 Metaspace       used 61830K, capacity 71812K, committed 71976K, reserved 1110016K
  class space    used 8084K, capacity 11030K, committed 11048K, reserved 1048576K
}
Event: 13415.795 GC heap before
{Heap before GC invocations=119 (full 45):
 PSYoungGen      total 261120K, used 1280K [0x00000000eab00000, 0x00000000fbe80000, 0x0000000100000000)
  eden space 242176K, 0% used [0x00000000eab00000,0x00000000eab00000,0x00000000f9780000)
  from space 18944K, 6% used [0x00000000fac00000,0x00000000fad40000,0x00000000fbe80000)
  to   space 19968K, 0% used [0x00000000f9780000,0x00000000f9780000,0x00000000fab00000)
 ParOldGen       total 122368K, used 47154K [0x00000000c0000000, 0x00000000c7780000, 0x00000000eab00000)
  object space 122368K, 38% used [0x00000000c0000000,0x00000000c2e0c870,0x00000000c7780000)
 Metaspace       used 61830K, capacity 71812K, committed 71976K, reserved 1110016K
  class space    used 8084K, capacity 11030K, committed 11048K, reserved 1048576K
Event: 13415.939 GC heap after
Heap after GC invocations=119 (full 45):
 PSYoungGen      total 261120K, used 0K [0x00000000eab00000, 0x00000000fbe80000, 0x0000000100000000)
  eden space 242176K, 0% used [0x00000000eab00000,0x00000000eab00000,0x00000000f9780000)
  from space 18944K, 0% used [0x00000000fac00000,0x00000000fac00000,0x00000000fbe80000)
  to   space 19968K, 0% used [0x00000000f9780000,0x00000000f9780000,0x00000000fab00000)
 ParOldGen       total 122368K, used 47610K [0x00000000c0000000, 0x00000000c7780000, 0x00000000eab00000)
  object space 122368K, 38% used [0x00000000c0000000,0x00000000c2e7ead0,0x00000000c7780000)
 Metaspace       used 61830K, capacity 71812K, committed 71976K, reserved 1110016K
  class space    used 8084K, capacity 11030K, committed 11048K, reserved 1048576K
}

